<?xml version="1.0" encoding="UTF-8"?>
<!-- Generated by org.testng.reporters.JUnitReportReporter -->
<testsuite hostname="DESKTOP-G1RIQN8" failures="0" tests="1" name="jenkins_demo.LoginTest" time="26.388" errors="0" timestamp="2021-12-08T12:14:31 IST" skipped="0">
  <testcase classname="jenkins_demo.LoginTest" name="test1" time="26.388"/>
  <system-out/>
</testsuite> <!-- jenkins_demo.LoginTest -->
