<?xml version="1.0" encoding="UTF-8"?>
<!-- Generated by org.testng.reporters.JUnitReportReporter -->
<testsuite hostname="DESKTOP-G1RIQN8" failures="0" tests="1" name="testng.LoginTest" time="26.034" errors="0" timestamp="2021-12-08T12:57:29 IST" skipped="0">
  <testcase classname="testng.LoginTest" name="test1" time="26.034"/>
  <system-out/>
</testsuite> <!-- testng.LoginTest -->
