<?xml version="1.0" encoding="UTF-8"?>
<!-- Generated by org.testng.reporters.JUnitReportReporter -->
<testsuite hostname="DESKTOP-G1RIQN8" failures="0" tests="1" name="testng.LoginTest" time="18.302" errors="0" timestamp="2021-12-08T15:00:31 IST" skipped="0">
  <testcase classname="testng.LoginTest" name="test1" time="18.302"/>
  <system-out/>
</testsuite> <!-- testng.LoginTest -->
